<?xml version="1.0" encoding="UTF-8"?>
<!-- Generated by org.testng.reporters.JUnitXMLReporter -->
<testsuite ignored="6" hostname="DESKTOP-U214GCV" failures="0" tests="3" name="Test" time="0.039" errors="0" timestamp="2024-01-18T18:42:10 EASST">
  <testcase classname="TestDemo.TestDemo2.Grouping" name="signupbyfacebook" time="0.008"/>
  <testcase classname="TestDemo.TestDemo2.Grouping" name="signupbytwitter" time="0.001"/>
  <testcase classname="TestDemo.TestDemo2.Grouping" name="paymentReturnbyBank" time="0.001"/>
  <testcase classname="TestDemo.TestDemo2.Grouping" name="paymentinrupees" time="0.0">
    <ignored/>
  </testcase> <!-- paymentinrupees -->
  <testcase classname="TestDemo.TestDemo2.Grouping" name="loginBytwitter" time="0.0">
    <ignored/>
  </testcase> <!-- loginBytwitter -->
  <testcase classname="TestDemo.TestDemo2.Grouping" name="loginByfacebook" time="0.0">
    <ignored/>
  </testcase> <!-- loginByfacebook -->
  <testcase classname="TestDemo.TestDemo2.Grouping" name="signupbyemail" time="0.0">
    <ignored/>
  </testcase> <!-- signupbyemail -->
  <testcase classname="TestDemo.TestDemo2.Grouping" name="paymentindollar" time="0.0">
    <ignored/>
  </testcase> <!-- paymentindollar -->
  <testcase classname="TestDemo.TestDemo2.Grouping" name="loginByEmail" time="0.0">
    <ignored/>
  </testcase> <!-- loginByEmail -->
</testsuite> <!-- Test -->
