<?xml version="1.0" encoding="UTF-8"?>
<!-- Generated by org.testng.reporters.JUnitXMLReporter -->
<testsuite ignored="0" hostname="DESKTOP-U214GCV" failures="0" tests="6" name="Testorange" time="9.539" errors="0" timestamp="2024-01-14T20:33:37 EASST">
  <testcase classname="TestDemo.TestDemo.OrangeTest112Demo" name="login" time="0.509"/>
  <testcase classname="TestDemo.TestDemo.OrangeTest112Demo" name="logout" time="2.487"/>
  <testcase classname="TestDemo.TestDemo.PetsStore" name="openApp" time="1.504"/>
  <testcase classname="TestDemo.TestDemo.PetsStore" name="login" time="0.558"/>
  <testcase classname="TestDemo.TestDemo.PetsStore" name="logout" time="0.401"/>
  <testcase classname="TestDemo.TestDemo.PetsStore" name="closewindow" time="0.087"/>
</testsuite> <!-- Testorange -->
